<?xml version="1.0" encoding="UTF-8"?>
<testng-results ignored="0" total="1" passed="1" failed="0" skipped="0">
  <reporter-output>
  </reporter-output>
  <suite started-at="2025-06-18T14:11:00 IST" name="Default suite" finished-at="2025-06-18T14:11:02 IST" duration-ms="2392">
    <groups>
    </groups>
    <test started-at="2025-06-18T14:11:00 IST" name="Default test" finished-at="2025-06-18T14:11:02 IST" duration-ms="2392">
      <class name="script.launch">
        <test-method is-config="true" signature="setUp()[pri:0, instance:script.launch@27ce24aa]" started-at="2025-06-18T14:11:00 IST" name="setUp" finished-at="2025-06-18T14:11:02 IST" duration-ms="2206" status="PASS">
          <reporter-output>
          </reporter-output>
        </test-method> <!-- setUp -->
        <test-method signature="home()[pri:0, instance:script.launch@27ce24aa]" started-at="2025-06-18T14:11:02 IST" name="home" finished-at="2025-06-18T14:11:02 IST" duration-ms="32" status="PASS">
          <reporter-output>
          </reporter-output>
        </test-method> <!-- home -->
        <test-method is-config="true" signature="teardown()[pri:0, instance:script.launch@27ce24aa]" started-at="2025-06-18T14:11:02 IST" name="teardown" finished-at="2025-06-18T14:11:02 IST" duration-ms="129" status="PASS">
          <reporter-output>
          </reporter-output>
        </test-method> <!-- teardown -->
      </class> <!-- script.launch -->
    </test> <!-- Default test -->
  </suite> <!-- Default suite -->
</testng-results>
