<?xml version="1.0" encoding="UTF-8"?>
<testng-results ignored="0" total="1" passed="1" failed="0" skipped="0">
  <reporter-output>
  </reporter-output>
  <suite started-at="2025-06-30T21:40:16 IST" name="Default suite" finished-at="2025-06-30T21:40:22 IST" duration-ms="6396">
    <groups>
    </groups>
    <test started-at="2025-06-30T21:40:16 IST" name="Default test" finished-at="2025-06-30T21:40:22 IST" duration-ms="6396">
      <class name="script.Register">
        <test-method is-config="true" signature="launch()[pri:0, instance:script.Register@6f10d5b6]" started-at="2025-06-30T21:40:17 IST" name="launch" finished-at="2025-06-30T21:40:21 IST" duration-ms="4417" status="PASS">
          <reporter-output>
          </reporter-output>
        </test-method> <!-- launch -->
        <test-method signature="register()[pri:0, instance:script.Register@6f10d5b6]" started-at="2025-06-30T21:40:21 IST" name="register" finished-at="2025-06-30T21:40:22 IST" duration-ms="1252" status="PASS">
          <reporter-output>
          </reporter-output>
        </test-method> <!-- register -->
        <test-method is-config="true" signature="tearDown()[pri:0, instance:script.Register@6f10d5b6]" started-at="2025-06-30T21:40:22 IST" name="tearDown" finished-at="2025-06-30T21:40:22 IST" duration-ms="91" status="PASS">
          <reporter-output>
          </reporter-output>
        </test-method> <!-- tearDown -->
      </class> <!-- script.Register -->
    </test> <!-- Default test -->
  </suite> <!-- Default suite -->
</testng-results>
